<?xml version="1.0" encoding="UTF-8"?>
<testng-results ignored="4" total="6" passed="1" failed="1" skipped="0">
  <reporter-output>
  </reporter-output>
  <suite started-at="2022-01-13T06:30:42Z" name="Suite" finished-at="2022-01-13T06:31:04Z" duration-ms="22218">
    <groups>
    </groups>
    <test started-at="2022-01-13T06:30:42Z" name="SeleniumTests" finished-at="2022-01-13T06:30:42Z" duration-ms="77">
      <class name="Automation.SeleniumFramework.demoTests">
        <test-method signature="testMethod()[pri:0, instance:Automation.SeleniumFramework.demoTests@5170bcf4]" started-at="2022-01-13T06:30:42Z" name="testMethod" finished-at="2022-01-13T06:30:42Z" duration-ms="23" status="PASS">
          <reporter-output>
          </reporter-output>
        </test-method> <!-- testMethod -->
      </class> <!-- Automation.SeleniumFramework.demoTests -->
    </test> <!-- SeleniumTests -->
    <test started-at="2022-01-13T06:30:42Z" name="UserManagement" finished-at="2022-01-13T06:31:04Z" duration-ms="22218">
      <class name="Automation.SeleniumFramework.tests">
        <test-method is-config="true" signature="initalizeBrowser()[pri:0, instance:Automation.SeleniumFramework.tests@176b75f7]" started-at="2022-01-13T06:30:42Z" name="initalizeBrowser" finished-at="2022-01-13T06:30:57Z" duration-ms="15949" status="PASS">
          <reporter-output>
          </reporter-output>
        </test-method> <!-- initalizeBrowser -->
        <test-method signature="Login(java.lang.String, java.lang.String)[pri:0, instance:Automation.SeleniumFramework.tests@176b75f7]" started-at="2022-01-13T06:30:57Z" name="Login" data-provider="getData" finished-at="2022-01-13T06:31:03Z" duration-ms="5955" status="FAIL">
          <params>
            <param index="0">
              <value>
                <![CDATA[abc]]>
              </value>
            </param>
            <param index="1">
              <value>
                <![CDATA[abc123]]>
              </value>
            </param>
          </params>
          <exception class="java.lang.AssertionError">
            <message>
              <![CDATA[expected [false] but found [true]]]>
            </message>
            <full-stacktrace>
              <![CDATA[java.lang.AssertionError: expected [false] but found [true]
at org.testng.Assert.fail(Assert.java:96)
at org.testng.Assert.failNotEquals(Assert.java:776)
at org.testng.Assert.assertFalse(Assert.java:65)
at org.testng.Assert.assertFalse(Assert.java:75)
at Automation.SeleniumFramework.tests.Login(tests.java:37)
at java.base/jdk.internal.reflect.NativeMethodAccessorImpl.invoke0(Native Method)
at java.base/jdk.internal.reflect.NativeMethodAccessorImpl.invoke(NativeMethodAccessorImpl.java:62)
at java.base/jdk.internal.reflect.DelegatingMethodAccessorImpl.invoke(DelegatingMethodAccessorImpl.java:43)
at java.base/java.lang.reflect.Method.invoke(Method.java:566)
at org.testng.internal.MethodInvocationHelper.invokeMethod(MethodInvocationHelper.java:124)
at org.testng.internal.Invoker.invokeMethod(Invoker.java:583)
at org.testng.internal.Invoker.invokeTestMethod(Invoker.java:719)
at org.testng.internal.Invoker.invokeTestMethods(Invoker.java:989)
at org.testng.internal.TestMethodWorker.invokeTestMethods(TestMethodWorker.java:125)
at org.testng.internal.TestMethodWorker.run(TestMethodWorker.java:109)
at org.testng.TestRunner.privateRun(TestRunner.java:648)
at org.testng.TestRunner.run(TestRunner.java:505)
at org.testng.SuiteRunner.runTest(SuiteRunner.java:455)
at org.testng.SuiteRunner.access$000(SuiteRunner.java:40)
at org.testng.SuiteRunner$SuiteWorker.run(SuiteRunner.java:489)
at org.testng.internal.thread.ThreadUtil$1.call(ThreadUtil.java:52)
at java.base/java.util.concurrent.FutureTask.run(FutureTask.java:264)
at java.base/java.util.concurrent.ThreadPoolExecutor.runWorker(ThreadPoolExecutor.java:1128)
at java.base/java.util.concurrent.ThreadPoolExecutor$Worker.run(ThreadPoolExecutor.java:628)
at java.base/java.lang.Thread.run(Thread.java:834)
]]>
            </full-stacktrace>
          </exception> <!-- java.lang.AssertionError -->
          <reporter-output>
          </reporter-output>
        </test-method> <!-- Login -->
      </class> <!-- Automation.SeleniumFramework.tests -->
    </test> <!-- UserManagement -->
  </suite> <!-- Suite -->
</testng-results>
